<?xml version="1.0" encoding="UTF-8"?>
<!-- Generated by org.testng.reporters.JUnitReportReporter -->
<testsuite skipped="0" hostname="GLB-343-PC" name="com.flipkart.testCases.AssignmentTest" tests="5" failures="0" timestamp="03 Mar 2020 06:44:02 GMT" time="45.133" errors="0">
  <testcase name="googleSearchTest" time="17.721" classname="com.flipkart.testCases.AssignmentTest"/>
  <testcase name="openFlipkart" time="5.814" classname="com.flipkart.testCases.AssignmentTest"/>
  <testcase name="compareProducts" time="8.735" classname="com.flipkart.testCases.AssignmentTest"/>
  <testcase name="addToCompare" time="12.556" classname="com.flipkart.testCases.AssignmentTest"/>
  <testcase name="printProductDetails" time="0.307" classname="com.flipkart.testCases.AssignmentTest"/>
</testsuite> <!-- com.flipkart.testCases.AssignmentTest -->
